# JRE version: Java(TM) SE Runtime Environment (8.0_121-b13) (build 1.8.0_121-b13)
# Java VM: Java HotSpot(TM) 64-Bit Server VM (25.121-b13 mixed mode windows-amd64 compressed oops)
Heap:
 PSYoungGen      total 287232K, used 287214K [0x00000000d5d00000, 0x00000000f3500000, 0x0000000100000000)
  eden space 258560K, 100% used [0x00000000d5d00000,0x00000000e5980000,0x00000000e5980000)
  from space 28672K, 99% used [0x00000000e5980000,0x00000000e757bb40,0x00000000e7580000)
  to   space 34816K, 63% used [0x00000000f1300000,0x00000000f28b8030,0x00000000f3500000)
 ParOldGen       total 87552K, used 30193K [0x0000000081600000, 0x0000000086b80000, 0x00000000d5d00000)
  object space 87552K, 34% used [0x0000000081600000,0x000000008337c770,0x0000000086b80000)
 Metaspace       used 14217K, capacity 14518K, committed 14720K, reserved 1062912K
  class space    used 1713K, capacity 1820K, committed 1920K, reserved 1048576K
GC Heap History (10 events):
Event: 5.016 GC heap after
Heap after GC invocations=5 (full 0):
 PSYoungGen      total 71680K, used 5096K [0x00000000d5d00000, 0x00000000e0200000, 0x0000000100000000)
  eden space 66560K, 0% used [0x00000000d5d00000,0x00000000d5d00000,0x00000000d9e00000)
  from space 5120K, 99% used [0x00000000d9e00000,0x00000000da2fa3e0,0x00000000da300000)
  to   space 17920K, 0% used [0x00000000df080000,0x00000000df080000,0x00000000e0200000)
 ParOldGen       total 87552K, used 19769K [0x0000000081600000, 0x0000000086b80000, 0x00000000d5d00000)
  object space 87552K, 22% used [0x0000000081600000,0x000000008294e540,0x0000000086b80000)
 Metaspace       used 14008K, capacity 14226K, committed 14464K, reserved 1062912K
  class space    used 1685K, capacity 1796K, committed 1920K, reserved 1048576K
}
Event: 5.299 GC heap before
{Heap before GC invocations=6 (full 0):
 PSYoungGen      total 71680K, used 71656K [0x00000000d5d00000, 0x00000000e0200000, 0x0000000100000000)
  eden space 66560K, 100% used [0x00000000d5d00000,0x00000000d9e00000,0x00000000d9e00000)
  from space 5120K, 99% used [0x00000000d9e00000,0x00000000da2fa3e0,0x00000000da300000)
  to   space 17920K, 0% used [0x00000000df080000,0x00000000df080000,0x00000000e0200000)
 ParOldGen       total 87552K, used 19769K [0x0000000081600000, 0x0000000086b80000, 0x00000000d5d00000)
  object space 87552K, 22% used [0x0000000081600000,0x000000008294e540,0x0000000086b80000)
 Metaspace       used 14181K, capacity 14448K, committed 14720K, reserved 1062912K
  class space    used 1711K, capacity 1819K, committed 1920K, reserved 1048576K
Event: 5.320 GC heap after
Heap after GC invocations=6 (full 0):
 PSYoungGen      total 147456K, used 17888K [0x00000000d5d00000, 0x00000000e0900000, 0x0000000100000000)
  eden space 129536K, 0% used [0x00000000d5d00000,0x00000000d5d00000,0x00000000ddb80000)
  from space 17920K, 99% used [0x00000000df080000,0x00000000e01f8050,0x00000000e0200000)
  to   space 21504K, 0% used [0x00000000ddb80000,0x00000000ddb80000,0x00000000df080000)
 ParOldGen       total 87552K, used 19977K [0x0000000081600000, 0x0000000086b80000, 0x00000000d5d00000)
  object space 87552K, 22% used [0x0000000081600000,0x0000000082982540,0x0000000086b80000)
 Metaspace       used 14181K, capacity 14448K, committed 14720K, reserved 1062912K
  class space    used 1711K, capacity 1819K, committed 1920K, reserved 1048576K
}
Event: 5.710 GC heap before
{Heap before GC invocations=7 (full 0):
 PSYoungGen      total 147456K, used 147424K [0x00000000d5d00000, 0x00000000e0900000, 0x0000000100000000)
  eden space 129536K, 100% used [0x00000000d5d00000,0x00000000ddb80000,0x00000000ddb80000)
  from space 17920K, 99% used [0x00000000df080000,0x00000000e01f8050,0x00000000e0200000)
  to   space 21504K, 0% used [0x00000000ddb80000,0x00000000ddb80000,0x00000000df080000)
 ParOldGen       total 87552K, used 19977K [0x0000000081600000, 0x0000000086b80000, 0x00000000d5d00000)
  object space 87552K, 22% used [0x0000000081600000,0x0000000082982540,0x0000000086b80000)
 Metaspace       used 14192K, capacity 14454K, committed 14720K, reserved 1062912K
  class space    used 1712K, capacity 1820K, committed 1920K, reserved 1048576K
Event: 5.741 GC heap after
Heap after GC invocations=7 (full 0):
 PSYoungGen      total 151040K, used 21472K [0x00000000d5d00000, 0x00000000e9100000, 0x0000000100000000)
  eden space 129536K, 0% used [0x00000000d5d00000,0x00000000d5d00000,0x00000000ddb80000)
  from space 21504K, 99% used [0x00000000ddb80000,0x00000000df078030,0x00000000df080000)
  to   space 28160K, 0% used [0x00000000e7580000,0x00000000e7580000,0x00000000e9100000)
 ParOldGen       total 87552K, used 24947K [0x0000000081600000, 0x0000000086b80000, 0x00000000d5d00000)
  object space 87552K, 28% used [0x0000000081600000,0x0000000082e5cc60,0x0000000086b80000)
 Metaspace       used 14192K, capacity 14454K, committed 14720K, reserved 1062912K
  class space    used 1712K, capacity 1820K, committed 1920K, reserved 1048576K
}
Event: 6.035 GC heap before
{Heap before GC invocations=8 (full 0):
 PSYoungGen      total 151040K, used 151008K [0x00000000d5d00000, 0x00000000e9100000, 0x0000000100000000)
  eden space 129536K, 100% used [0x00000000d5d00000,0x00000000ddb80000,0x00000000ddb80000)
  from space 21504K, 99% used [0x00000000ddb80000,0x00000000df078030,0x00000000df080000)
  to   space 28160K, 0% used [0x00000000e7580000,0x00000000e7580000,0x00000000e9100000)
 ParOldGen       total 87552K, used 24947K [0x0000000081600000, 0x0000000086b80000, 0x00000000d5d00000)
  object space 87552K, 28% used [0x0000000081600000,0x0000000082e5cc60,0x0000000086b80000)
 Metaspace       used 14204K, capacity 14518K, committed 14720K, reserved 1062912K
  class space    used 1712K, capacity 1820K, committed 1920K, reserved 1048576K
Event: 6.057 GC heap after
Heap after GC invocations=8 (full 0):
 PSYoungGen      total 286720K, used 17856K [0x00000000d5d00000, 0x00000000e9200000, 0x0000000100000000)
  eden space 258560K, 0% used [0x00000000d5d00000,0x00000000d5d00000,0x00000000e5980000)
  from space 28160K, 63% used [0x00000000e7580000,0x00000000e86f0020,0x00000000e9100000)
  to   space 28672K, 0% used [0x00000000e5980000,0x00000000e5980000,0x00000000e7580000)
 ParOldGen       total 87552K, used 25483K [0x0000000081600000, 0x0000000086b80000, 0x00000000d5d00000)
  object space 87552K, 29% used [0x0000000081600000,0x0000000082ee2c60,0x0000000086b80000)
 Metaspace       used 14204K, capacity 14518K, committed 14720K, reserved 1062912K
  class space    used 1712K, capacity 1820K, committed 1920K, reserved 1048576K
}
Event: 6.946 GC heap before
{Heap before GC invocations=9 (full 0):
 PSYoungGen      total 286720K, used 276416K [0x00000000d5d00000, 0x00000000e9200000, 0x0000000100000000)
  eden space 258560K, 100% used [0x00000000d5d00000,0x00000000e5980000,0x00000000e5980000)
  from space 28160K, 63% used [0x00000000e7580000,0x00000000e86f0020,0x00000000e9100000)
  to   space 28672K, 0% used [0x00000000e5980000,0x00000000e5980000,0x00000000e7580000)
 ParOldGen       total 87552K, used 25483K [0x0000000081600000, 0x0000000086b80000, 0x00000000d5d00000)
  object space 87552K, 29% used [0x0000000081600000,0x0000000082ee2c60,0x0000000086b80000)
 Metaspace       used 14208K, capacity 14518K, committed 14720K, reserved 1062912K
  class space    used 1713K, capacity 1820K, committed 1920K, reserved 1048576K
Event: 6.989 GC heap after
Heap after GC invocations=9 (full 0):
 PSYoungGen      total 287232K, used 28654K [0x00000000d5d00000, 0x00000000f3500000, 0x0000000100000000)
  eden space 258560K, 0% used [0x00000000d5d00000,0x00000000d5d00000,0x00000000e5980000)
  from space 28672K, 99% used [0x00000000e5980000,0x00000000e757bb40,0x00000000e7580000)
  to   space 34816K, 0% used [0x00000000f1300000,0x00000000f1300000,0x00000000f3500000)
 ParOldGen       total 87552K, used 29249K [0x0000000081600000, 0x0000000086b80000, 0x00000000d5d00000)
  object space 87552K, 33% used [0x0000000081600000,0x0000000083290770,0x0000000086b80000)
 Metaspace       used 14208K, capacity 14518K, committed 14720K, reserved 1062912K
  class space    used 1713K, capacity 1820K, committed 1920K, reserved 1048576K
}
Event: 7.599 GC heap before
{Heap before GC invocations=10 (full 0):
 PSYoungGen      total 287232K, used 287214K [0x00000000d5d00000, 0x00000000f3500000, 0x0000000100000000)
  eden space 258560K, 100% used [0x00000000d5d00000,0x00000000e5980000,0x00000000e5980000)
  from space 28672K, 99% used [0x00000000e5980000,0x00000000e757bb40,0x00000000e7580000)
  to   space 34816K, 0% used [0x00000000f1300000,0x00000000f1300000,0x00000000f3500000)
 ParOldGen       total 87552K, used 29249K [0x0000000081600000, 0x0000000086b80000, 0x00000000d5d00000)
  object space 87552K, 33% used [0x0000000081600000,0x0000000083290770,0x0000000086b80000)
 Metaspace       used 14217K, capacity 14518K, committed 14720K, reserved 1062912K
  class space    used 1713K, capacity 1820K, committed 1920K, reserved 1048576K

